<?xml version="1.0" encoding="UTF-8"?>
<!-- Generated by org.testng.reporters.JUnitReportReporter -->
<testsuite hostname="ASDP1500PO01976" name="RestAssuredTestCases.Testcase1_Get_Request" tests="1" failures="0" timestamp="16 Sep 2019 09:35:24 GMT" time="3.237" errors="0">
  <testcase name="getweatherDetails" time="3.237" classname="RestAssuredTestCases.Testcase1_Get_Request"/>
</testsuite> <!-- RestAssuredTestCases.Testcase1_Get_Request -->
